[webhook] kubectl dry-run failed (exit=1) stderr='The Pod "privileged-pod" is invalid: spec.containers[0].securityContext: Invalid value: {"Capabilities":null,"Privileged":true,"SELinuxOptions":null,"WindowsOptions":null,"RunAsUser":null,"RunAsGroup":null,"RunAsNonRoot":true,"ReadOnlyRootFilesystem":true,"AllowPrivilegeEscalation":false,"ProcMount":null,"SeccompProfile":null,"AppArmorProfile":null}: cannot set `allowPrivilegeEscalation` to false and `privileged` to true'
[webhook] giving up after retries; last error: The Pod "privileged-pod" is invalid: spec.containers[0].securityContext: Invalid value: {"Capabilities":null,"Privileged":true,"SELinuxOptions":null,"WindowsOptions":null,"RunAsUser":null,"RunAsGroup":null,"RunAsNonRoot":true,"ReadOnlyRootFilesystem":true,"AllowPrivilegeEscalation":false,"ProcMount":null,"SeccompProfile":null,"AppArmorProfile":null}: cannot set `allowPrivilegeEscalation` to false and `privileged` to true
[webhook] kubectl dry-run failed (exit=1) stderr='The Pod "privileged-pod" is invalid: spec.containers[0].securityContext: Invalid value: {"Capabilities":null,"Privileged":true,"SELinuxOptions":null,"WindowsOptions":null,"RunAsUser":null,"RunAsGroup":null,"RunAsNonRoot":true,"ReadOnlyRootFilesystem":true,"AllowPrivilegeEscalation":false,"ProcMount":null,"SeccompProfile":null,"AppArmorProfile":null}: cannot set `allowPrivilegeEscalation` to false and `privileged` to true'
[webhook] giving up after retries; last error: The Pod "privileged-pod" is invalid: spec.containers[0].securityContext: Invalid value: {"Capabilities":null,"Privileged":true,"SELinuxOptions":null,"WindowsOptions":null,"RunAsUser":null,"RunAsGroup":null,"RunAsNonRoot":true,"ReadOnlyRootFilesystem":true,"AllowPrivilegeEscalation":false,"ProcMount":null,"SeccompProfile":null,"AppArmorProfile":null}: cannot set `allowPrivilegeEscalation` to false and `privileged` to true
[webhook] kubectl dry-run failed (exit=1) stderr='The Pod "privileged-pod" is invalid: spec.containers[0].securityContext: Invalid value: {"Capabilities":null,"Privileged":true,"SELinuxOptions":null,"WindowsOptions":null,"RunAsUser":null,"RunAsGroup":null,"RunAsNonRoot":true,"ReadOnlyRootFilesystem":true,"AllowPrivilegeEscalation":false,"ProcMount":null,"SeccompProfile":null,"AppArmorProfile":null}: cannot set `allowPrivilegeEscalation` to false and `privileged` to true'
[webhook] giving up after retries; last error: The Pod "privileged-pod" is invalid: spec.containers[0].securityContext: Invalid value: {"Capabilities":null,"Privileged":true,"SELinuxOptions":null,"WindowsOptions":null,"RunAsUser":null,"RunAsGroup":null,"RunAsNonRoot":true,"ReadOnlyRootFilesystem":true,"AllowPrivilegeEscalation":false,"ProcMount":null,"SeccompProfile":null,"AppArmorProfile":null}: cannot set `allowPrivilegeEscalation` to false and `privileged` to true
[webhook] kubectl dry-run failed (exit=1) stderr='The Pod "privileged-pod" is invalid: spec.containers[0].securityContext: Invalid value: {"Capabilities":null,"Privileged":true,"SELinuxOptions":null,"WindowsOptions":null,"RunAsUser":null,"RunAsGroup":null,"RunAsNonRoot":true,"ReadOnlyRootFilesystem":true,"AllowPrivilegeEscalation":false,"ProcMount":null,"SeccompProfile":null,"AppArmorProfile":null}: cannot set `allowPrivilegeEscalation` to false and `privileged` to true'
[webhook] giving up after retries; last error: The Pod "privileged-pod" is invalid: spec.containers[0].securityContext: Invalid value: {"Capabilities":null,"Privileged":true,"SELinuxOptions":null,"WindowsOptions":null,"RunAsUser":null,"RunAsGroup":null,"RunAsNonRoot":true,"ReadOnlyRootFilesystem":true,"AllowPrivilegeEscalation":false,"ProcMount":null,"SeccompProfile":null,"AppArmorProfile":null}: cannot set `allowPrivilegeEscalation` to false and `privileged` to true
[webhook] kubectl dry-run failed (exit=1) stderr='The Pod "privileged-pod" is invalid: spec.containers[0].securityContext: Invalid value: {"Capabilities":null,"Privileged":true,"SELinuxOptions":null,"WindowsOptions":null,"RunAsUser":null,"RunAsGroup":null,"RunAsNonRoot":true,"ReadOnlyRootFilesystem":true,"AllowPrivilegeEscalation":false,"ProcMount":null,"SeccompProfile":null,"AppArmorProfile":null}: cannot set `allowPrivilegeEscalation` to false and `privileged` to true'
[webhook] giving up after retries; last error: The Pod "privileged-pod" is invalid: spec.containers[0].securityContext: Invalid value: {"Capabilities":null,"Privileged":true,"SELinuxOptions":null,"WindowsOptions":null,"RunAsUser":null,"RunAsGroup":null,"RunAsNonRoot":true,"ReadOnlyRootFilesystem":true,"AllowPrivilegeEscalation":false,"ProcMount":null,"SeccompProfile":null,"AppArmorProfile":null}: cannot set `allowPrivilegeEscalation` to false and `privileged` to true
[webhook] kubectl dry-run failed (exit=1) stderr='The Pod "privileged-pod" is invalid: spec.containers[0].securityContext: Invalid value: {"Capabilities":null,"Privileged":true,"SELinuxOptions":null,"WindowsOptions":null,"RunAsUser":null,"RunAsGroup":null,"RunAsNonRoot":true,"ReadOnlyRootFilesystem":true,"AllowPrivilegeEscalation":false,"ProcMount":null,"SeccompProfile":null,"AppArmorProfile":null}: cannot set `allowPrivilegeEscalation` to false and `privileged` to true'
[webhook] giving up after retries; last error: The Pod "privileged-pod" is invalid: spec.containers[0].securityContext: Invalid value: {"Capabilities":null,"Privileged":true,"SELinuxOptions":null,"WindowsOptions":null,"RunAsUser":null,"RunAsGroup":null,"RunAsNonRoot":true,"ReadOnlyRootFilesystem":true,"AllowPrivilegeEscalation":false,"ProcMount":null,"SeccompProfile":null,"AppArmorProfile":null}: cannot set `allowPrivilegeEscalation` to false and `privileged` to true
[webhook] kubectl dry-run failed (exit=1) stderr='The DaemonSet "cilium" is invalid: spec.template.spec.initContainers[3].securityContext: Invalid value: {"Capabilities":null,"Privileged":true,"SELinuxOptions":null,"WindowsOptions":null,"RunAsUser":null,"RunAsGroup":null,"RunAsNonRoot":true,"ReadOnlyRootFilesystem":true,"AllowPrivilegeEscalation":false,"ProcMount":null,"SeccompProfile":null,"AppArmorProfile":null}: cannot set `allowPrivilegeEscalation` to false and `privileged` to true'
[webhook] giving up after retries; last error: The DaemonSet "cilium" is invalid: spec.template.spec.initContainers[3].securityContext: Invalid value: {"Capabilities":null,"Privileged":true,"SELinuxOptions":null,"WindowsOptions":null,"RunAsUser":null,"RunAsGroup":null,"RunAsNonRoot":true,"ReadOnlyRootFilesystem":true,"AllowPrivilegeEscalation":false,"ProcMount":null,"SeccompProfile":null,"AppArmorProfile":null}: cannot set `allowPrivilegeEscalation` to false and `privileged` to true
[webhook] kubectl dry-run failed (exit=1) stderr='The DaemonSet "cilium" is invalid: spec.template.spec.initContainers[3].securityContext: Invalid value: {"Capabilities":null,"Privileged":true,"SELinuxOptions":null,"WindowsOptions":null,"RunAsUser":null,"RunAsGroup":null,"RunAsNonRoot":true,"ReadOnlyRootFilesystem":true,"AllowPrivilegeEscalation":false,"ProcMount":null,"SeccompProfile":null,"AppArmorProfile":null}: cannot set `allowPrivilegeEscalation` to false and `privileged` to true'
[webhook] giving up after retries; last error: The DaemonSet "cilium" is invalid: spec.template.spec.initContainers[3].securityContext: Invalid value: {"Capabilities":null,"Privileged":true,"SELinuxOptions":null,"WindowsOptions":null,"RunAsUser":null,"RunAsGroup":null,"RunAsNonRoot":true,"ReadOnlyRootFilesystem":true,"AllowPrivilegeEscalation":false,"ProcMount":null,"SeccompProfile":null,"AppArmorProfile":null}: cannot set `allowPrivilegeEscalation` to false and `privileged` to true
[webhook] kubectl dry-run failed (exit=1) stderr='The DaemonSet "cilium" is invalid: spec.template.spec.initContainers[3].securityContext: Invalid value: {"Capabilities":null,"Privileged":true,"SELinuxOptions":null,"WindowsOptions":null,"RunAsUser":null,"RunAsGroup":null,"RunAsNonRoot":true,"ReadOnlyRootFilesystem":true,"AllowPrivilegeEscalation":false,"ProcMount":null,"SeccompProfile":null,"AppArmorProfile":null}: cannot set `allowPrivilegeEscalation` to false and `privileged` to true'
[webhook] giving up after retries; last error: The DaemonSet "cilium" is invalid: spec.template.spec.initContainers[3].securityContext: Invalid value: {"Capabilities":null,"Privileged":true,"SELinuxOptions":null,"WindowsOptions":null,"RunAsUser":null,"RunAsGroup":null,"RunAsNonRoot":true,"ReadOnlyRootFilesystem":true,"AllowPrivilegeEscalation":false,"ProcMount":null,"SeccompProfile":null,"AppArmorProfile":null}: cannot set `allowPrivilegeEscalation` to false and `privileged` to true
[webhook] kubectl dry-run failed (exit=1) stderr='The DaemonSet "cilium" is invalid: spec.template.spec.initContainers[3].securityContext: Invalid value: {"Capabilities":null,"Privileged":true,"SELinuxOptions":null,"WindowsOptions":null,"RunAsUser":null,"RunAsGroup":null,"RunAsNonRoot":true,"ReadOnlyRootFilesystem":true,"AllowPrivilegeEscalation":false,"ProcMount":null,"SeccompProfile":null,"AppArmorProfile":null}: cannot set `allowPrivilegeEscalation` to false and `privileged` to true'
[webhook] giving up after retries; last error: The DaemonSet "cilium" is invalid: spec.template.spec.initContainers[3].securityContext: Invalid value: {"Capabilities":null,"Privileged":true,"SELinuxOptions":null,"WindowsOptions":null,"RunAsUser":null,"RunAsGroup":null,"RunAsNonRoot":true,"ReadOnlyRootFilesystem":true,"AllowPrivilegeEscalation":false,"ProcMount":null,"SeccompProfile":null,"AppArmorProfile":null}: cannot set `allowPrivilegeEscalation` to false and `privileged` to true
[webhook] kubectl dry-run failed (exit=1) stderr='The DaemonSet "cilium" is invalid: spec.template.spec.initContainers[3].securityContext: Invalid value: {"Capabilities":null,"Privileged":true,"SELinuxOptions":null,"WindowsOptions":null,"RunAsUser":null,"RunAsGroup":null,"RunAsNonRoot":true,"ReadOnlyRootFilesystem":true,"AllowPrivilegeEscalation":false,"ProcMount":null,"SeccompProfile":null,"AppArmorProfile":null}: cannot set `allowPrivilegeEscalation` to false and `privileged` to true'
[webhook] giving up after retries; last error: The DaemonSet "cilium" is invalid: spec.template.spec.initContainers[3].securityContext: Invalid value: {"Capabilities":null,"Privileged":true,"SELinuxOptions":null,"WindowsOptions":null,"RunAsUser":null,"RunAsGroup":null,"RunAsNonRoot":true,"ReadOnlyRootFilesystem":true,"AllowPrivilegeEscalation":false,"ProcMount":null,"SeccompProfile":null,"AppArmorProfile":null}: cannot set `allowPrivilegeEscalation` to false and `privileged` to true
[webhook] kubectl dry-run failed (exit=1) stderr='The DaemonSet "cilium" is invalid: spec.template.spec.initContainers[3].securityContext: Invalid value: {"Capabilities":null,"Privileged":true,"SELinuxOptions":null,"WindowsOptions":null,"RunAsUser":null,"RunAsGroup":null,"RunAsNonRoot":true,"ReadOnlyRootFilesystem":true,"AllowPrivilegeEscalation":false,"ProcMount":null,"SeccompProfile":null,"AppArmorProfile":null}: cannot set `allowPrivilegeEscalation` to false and `privileged` to true'
[webhook] giving up after retries; last error: The DaemonSet "cilium" is invalid: spec.template.spec.initContainers[3].securityContext: Invalid value: {"Capabilities":null,"Privileged":true,"SELinuxOptions":null,"WindowsOptions":null,"RunAsUser":null,"RunAsGroup":null,"RunAsNonRoot":true,"ReadOnlyRootFilesystem":true,"AllowPrivilegeEscalation":false,"ProcMount":null,"SeccompProfile":null,"AppArmorProfile":null}: cannot set `allowPrivilegeEscalation` to false and `privileged` to true
[webhook] kubectl dry-run failed (exit=1) stderr='The DaemonSet "cilium" is invalid: spec.template.spec.initContainers[3].securityContext: Invalid value: {"Capabilities":null,"Privileged":true,"SELinuxOptions":null,"WindowsOptions":null,"RunAsUser":null,"RunAsGroup":null,"RunAsNonRoot":true,"ReadOnlyRootFilesystem":true,"AllowPrivilegeEscalation":false,"ProcMount":null,"SeccompProfile":null,"AppArmorProfile":null}: cannot set `allowPrivilegeEscalation` to false and `privileged` to true'
[webhook] giving up after retries; last error: The DaemonSet "cilium" is invalid: spec.template.spec.initContainers[3].securityContext: Invalid value: {"Capabilities":null,"Privileged":true,"SELinuxOptions":null,"WindowsOptions":null,"RunAsUser":null,"RunAsGroup":null,"RunAsNonRoot":true,"ReadOnlyRootFilesystem":true,"AllowPrivilegeEscalation":false,"ProcMount":null,"SeccompProfile":null,"AppArmorProfile":null}: cannot set `allowPrivilegeEscalation` to false and `privileged` to true
[webhook] kubectl dry-run failed (exit=1) stderr='The DaemonSet "cilium" is invalid: spec.template.spec.initContainers[3].securityContext: Invalid value: {"Capabilities":null,"Privileged":true,"SELinuxOptions":null,"WindowsOptions":null,"RunAsUser":null,"RunAsGroup":null,"RunAsNonRoot":true,"ReadOnlyRootFilesystem":true,"AllowPrivilegeEscalation":false,"ProcMount":null,"SeccompProfile":null,"AppArmorProfile":null}: cannot set `allowPrivilegeEscalation` to false and `privileged` to true'
[webhook] giving up after retries; last error: The DaemonSet "cilium" is invalid: spec.template.spec.initContainers[3].securityContext: Invalid value: {"Capabilities":null,"Privileged":true,"SELinuxOptions":null,"WindowsOptions":null,"RunAsUser":null,"RunAsGroup":null,"RunAsNonRoot":true,"ReadOnlyRootFilesystem":true,"AllowPrivilegeEscalation":false,"ProcMount":null,"SeccompProfile":null,"AppArmorProfile":null}: cannot set `allowPrivilegeEscalation` to false and `privileged` to true
[webhook] kubectl dry-run failed (exit=1) stderr='The DaemonSet "cilium" is invalid: spec.template.spec.initContainers[3].securityContext: Invalid value: {"Capabilities":null,"Privileged":true,"SELinuxOptions":null,"WindowsOptions":null,"RunAsUser":null,"RunAsGroup":null,"RunAsNonRoot":true,"ReadOnlyRootFilesystem":true,"AllowPrivilegeEscalation":false,"ProcMount":null,"SeccompProfile":null,"AppArmorProfile":null}: cannot set `allowPrivilegeEscalation` to false and `privileged` to true'
[webhook] giving up after retries; last error: The DaemonSet "cilium" is invalid: spec.template.spec.initContainers[3].securityContext: Invalid value: {"Capabilities":null,"Privileged":true,"SELinuxOptions":null,"WindowsOptions":null,"RunAsUser":null,"RunAsGroup":null,"RunAsNonRoot":true,"ReadOnlyRootFilesystem":true,"AllowPrivilegeEscalation":false,"ProcMount":null,"SeccompProfile":null,"AppArmorProfile":null}: cannot set `allowPrivilegeEscalation` to false and `privileged` to true
[webhook] kubectl dry-run failed (exit=1) stderr='The DaemonSet "cilium" is invalid: spec.template.spec.initContainers[3].securityContext: Invalid value: {"Capabilities":null,"Privileged":true,"SELinuxOptions":null,"WindowsOptions":null,"RunAsUser":null,"RunAsGroup":null,"RunAsNonRoot":true,"ReadOnlyRootFilesystem":true,"AllowPrivilegeEscalation":false,"ProcMount":null,"SeccompProfile":null,"AppArmorProfile":null}: cannot set `allowPrivilegeEscalation` to false and `privileged` to true'
[webhook] giving up after retries; last error: The DaemonSet "cilium" is invalid: spec.template.spec.initContainers[3].securityContext: Invalid value: {"Capabilities":null,"Privileged":true,"SELinuxOptions":null,"WindowsOptions":null,"RunAsUser":null,"RunAsGroup":null,"RunAsNonRoot":true,"ReadOnlyRootFilesystem":true,"AllowPrivilegeEscalation":false,"ProcMount":null,"SeccompProfile":null,"AppArmorProfile":null}: cannot set `allowPrivilegeEscalation` to false and `privileged` to true
[webhook] kubectl dry-run failed (exit=1) stderr='The DaemonSet "cilium" is invalid: spec.template.spec.initContainers[3].securityContext: Invalid value: {"Capabilities":null,"Privileged":true,"SELinuxOptions":null,"WindowsOptions":null,"RunAsUser":null,"RunAsGroup":null,"RunAsNonRoot":true,"ReadOnlyRootFilesystem":true,"AllowPrivilegeEscalation":false,"ProcMount":null,"SeccompProfile":null,"AppArmorProfile":null}: cannot set `allowPrivilegeEscalation` to false and `privileged` to true'
[webhook] giving up after retries; last error: The DaemonSet "cilium" is invalid: spec.template.spec.initContainers[3].securityContext: Invalid value: {"Capabilities":null,"Privileged":true,"SELinuxOptions":null,"WindowsOptions":null,"RunAsUser":null,"RunAsGroup":null,"RunAsNonRoot":true,"ReadOnlyRootFilesystem":true,"AllowPrivilegeEscalation":false,"ProcMount":null,"SeccompProfile":null,"AppArmorProfile":null}: cannot set `allowPrivilegeEscalation` to false and `privileged` to true
[webhook] kubectl dry-run failed (exit=1) stderr='The DaemonSet "cilium" is invalid: spec.template.spec.initContainers[3].securityContext: Invalid value: {"Capabilities":null,"Privileged":true,"SELinuxOptions":null,"WindowsOptions":null,"RunAsUser":null,"RunAsGroup":null,"RunAsNonRoot":true,"ReadOnlyRootFilesystem":true,"AllowPrivilegeEscalation":false,"ProcMount":null,"SeccompProfile":null,"AppArmorProfile":null}: cannot set `allowPrivilegeEscalation` to false and `privileged` to true'
[webhook] giving up after retries; last error: The DaemonSet "cilium" is invalid: spec.template.spec.initContainers[3].securityContext: Invalid value: {"Capabilities":null,"Privileged":true,"SELinuxOptions":null,"WindowsOptions":null,"RunAsUser":null,"RunAsGroup":null,"RunAsNonRoot":true,"ReadOnlyRootFilesystem":true,"AllowPrivilegeEscalation":false,"ProcMount":null,"SeccompProfile":null,"AppArmorProfile":null}: cannot set `allowPrivilegeEscalation` to false and `privileged` to true
[webhook] kubectl dry-run failed (exit=1) stderr='The DaemonSet "cilium" is invalid: spec.template.spec.initContainers[3].securityContext: Invalid value: {"Capabilities":null,"Privileged":true,"SELinuxOptions":null,"WindowsOptions":null,"RunAsUser":null,"RunAsGroup":null,"RunAsNonRoot":true,"ReadOnlyRootFilesystem":true,"AllowPrivilegeEscalation":false,"ProcMount":null,"SeccompProfile":null,"AppArmorProfile":null}: cannot set `allowPrivilegeEscalation` to false and `privileged` to true'
[webhook] giving up after retries; last error: The DaemonSet "cilium" is invalid: spec.template.spec.initContainers[3].securityContext: Invalid value: {"Capabilities":null,"Privileged":true,"SELinuxOptions":null,"WindowsOptions":null,"RunAsUser":null,"RunAsGroup":null,"RunAsNonRoot":true,"ReadOnlyRootFilesystem":true,"AllowPrivilegeEscalation":false,"ProcMount":null,"SeccompProfile":null,"AppArmorProfile":null}: cannot set `allowPrivilegeEscalation` to false and `privileged` to true
[webhook] kubectl dry-run failed (exit=1) stderr='The DaemonSet "cilium" is invalid: spec.template.spec.initContainers[3].securityContext: Invalid value: {"Capabilities":null,"Privileged":true,"SELinuxOptions":null,"WindowsOptions":null,"RunAsUser":null,"RunAsGroup":null,"RunAsNonRoot":true,"ReadOnlyRootFilesystem":true,"AllowPrivilegeEscalation":false,"ProcMount":null,"SeccompProfile":null,"AppArmorProfile":null}: cannot set `allowPrivilegeEscalation` to false and `privileged` to true'
[webhook] giving up after retries; last error: The DaemonSet "cilium" is invalid: spec.template.spec.initContainers[3].securityContext: Invalid value: {"Capabilities":null,"Privileged":true,"SELinuxOptions":null,"WindowsOptions":null,"RunAsUser":null,"RunAsGroup":null,"RunAsNonRoot":true,"ReadOnlyRootFilesystem":true,"AllowPrivilegeEscalation":false,"ProcMount":null,"SeccompProfile":null,"AppArmorProfile":null}: cannot set `allowPrivilegeEscalation` to false and `privileged` to true
[webhook] kubectl dry-run failed (exit=1) stderr='The DaemonSet "cilium" is invalid: spec.template.spec.initContainers[3].securityContext: Invalid value: {"Capabilities":null,"Privileged":true,"SELinuxOptions":null,"WindowsOptions":null,"RunAsUser":null,"RunAsGroup":null,"RunAsNonRoot":true,"ReadOnlyRootFilesystem":true,"AllowPrivilegeEscalation":false,"ProcMount":null,"SeccompProfile":null,"AppArmorProfile":null}: cannot set `allowPrivilegeEscalation` to false and `privileged` to true'
[webhook] giving up after retries; last error: The DaemonSet "cilium" is invalid: spec.template.spec.initContainers[3].securityContext: Invalid value: {"Capabilities":null,"Privileged":true,"SELinuxOptions":null,"WindowsOptions":null,"RunAsUser":null,"RunAsGroup":null,"RunAsNonRoot":true,"ReadOnlyRootFilesystem":true,"AllowPrivilegeEscalation":false,"ProcMount":null,"SeccompProfile":null,"AppArmorProfile":null}: cannot set `allowPrivilegeEscalation` to false and `privileged` to true
[webhook] kubectl dry-run failed (exit=1) stderr='The DaemonSet "cilium" is invalid: spec.template.spec.initContainers[3].securityContext: Invalid value: {"Capabilities":null,"Privileged":true,"SELinuxOptions":null,"WindowsOptions":null,"RunAsUser":null,"RunAsGroup":null,"RunAsNonRoot":true,"ReadOnlyRootFilesystem":true,"AllowPrivilegeEscalation":false,"ProcMount":null,"SeccompProfile":null,"AppArmorProfile":null}: cannot set `allowPrivilegeEscalation` to false and `privileged` to true'
[webhook] giving up after retries; last error: The DaemonSet "cilium" is invalid: spec.template.spec.initContainers[3].securityContext: Invalid value: {"Capabilities":null,"Privileged":true,"SELinuxOptions":null,"WindowsOptions":null,"RunAsUser":null,"RunAsGroup":null,"RunAsNonRoot":true,"ReadOnlyRootFilesystem":true,"AllowPrivilegeEscalation":false,"ProcMount":null,"SeccompProfile":null,"AppArmorProfile":null}: cannot set `allowPrivilegeEscalation` to false and `privileged` to true
[webhook] kubectl dry-run failed (exit=1) stderr='The DaemonSet "cilium" is invalid: spec.template.spec.initContainers[3].securityContext: Invalid value: {"Capabilities":null,"Privileged":true,"SELinuxOptions":null,"WindowsOptions":null,"RunAsUser":null,"RunAsGroup":null,"RunAsNonRoot":true,"ReadOnlyRootFilesystem":true,"AllowPrivilegeEscalation":false,"ProcMount":null,"SeccompProfile":null,"AppArmorProfile":null}: cannot set `allowPrivilegeEscalation` to false and `privileged` to true'
[webhook] giving up after retries; last error: The DaemonSet "cilium" is invalid: spec.template.spec.initContainers[3].securityContext: Invalid value: {"Capabilities":null,"Privileged":true,"SELinuxOptions":null,"WindowsOptions":null,"RunAsUser":null,"RunAsGroup":null,"RunAsNonRoot":true,"ReadOnlyRootFilesystem":true,"AllowPrivilegeEscalation":false,"ProcMount":null,"SeccompProfile":null,"AppArmorProfile":null}: cannot set `allowPrivilegeEscalation` to false and `privileged` to true
[webhook] kubectl dry-run failed (exit=1) stderr='The DaemonSet "cilium" is invalid: spec.template.spec.initContainers[3].securityContext: Invalid value: {"Capabilities":null,"Privileged":true,"SELinuxOptions":null,"WindowsOptions":null,"RunAsUser":null,"RunAsGroup":null,"RunAsNonRoot":true,"ReadOnlyRootFilesystem":true,"AllowPrivilegeEscalation":false,"ProcMount":null,"SeccompProfile":null,"AppArmorProfile":null}: cannot set `allowPrivilegeEscalation` to false and `privileged` to true'
[webhook] giving up after retries; last error: The DaemonSet "cilium" is invalid: spec.template.spec.initContainers[3].securityContext: Invalid value: {"Capabilities":null,"Privileged":true,"SELinuxOptions":null,"WindowsOptions":null,"RunAsUser":null,"RunAsGroup":null,"RunAsNonRoot":true,"ReadOnlyRootFilesystem":true,"AllowPrivilegeEscalation":false,"ProcMount":null,"SeccompProfile":null,"AppArmorProfile":null}: cannot set `allowPrivilegeEscalation` to false and `privileged` to true
[webhook] kubectl dry-run failed (exit=1) stderr='The DaemonSet "cilium" is invalid: spec.template.spec.initContainers[3].securityContext: Invalid value: {"Capabilities":null,"Privileged":true,"SELinuxOptions":null,"WindowsOptions":null,"RunAsUser":null,"RunAsGroup":null,"RunAsNonRoot":true,"ReadOnlyRootFilesystem":true,"AllowPrivilegeEscalation":false,"ProcMount":null,"SeccompProfile":null,"AppArmorProfile":null}: cannot set `allowPrivilegeEscalation` to false and `privileged` to true'
[webhook] giving up after retries; last error: The DaemonSet "cilium" is invalid: spec.template.spec.initContainers[3].securityContext: Invalid value: {"Capabilities":null,"Privileged":true,"SELinuxOptions":null,"WindowsOptions":null,"RunAsUser":null,"RunAsGroup":null,"RunAsNonRoot":true,"ReadOnlyRootFilesystem":true,"AllowPrivilegeEscalation":false,"ProcMount":null,"SeccompProfile":null,"AppArmorProfile":null}: cannot set `allowPrivilegeEscalation` to false and `privileged` to true
[webhook] kubectl dry-run failed (exit=1) stderr='The DaemonSet "cilium" is invalid: spec.template.spec.initContainers[3].securityContext: Invalid value: {"Capabilities":null,"Privileged":true,"SELinuxOptions":null,"WindowsOptions":null,"RunAsUser":null,"RunAsGroup":null,"RunAsNonRoot":true,"ReadOnlyRootFilesystem":true,"AllowPrivilegeEscalation":false,"ProcMount":null,"SeccompProfile":null,"AppArmorProfile":null}: cannot set `allowPrivilegeEscalation` to false and `privileged` to true'
[webhook] giving up after retries; last error: The DaemonSet "cilium" is invalid: spec.template.spec.initContainers[3].securityContext: Invalid value: {"Capabilities":null,"Privileged":true,"SELinuxOptions":null,"WindowsOptions":null,"RunAsUser":null,"RunAsGroup":null,"RunAsNonRoot":true,"ReadOnlyRootFilesystem":true,"AllowPrivilegeEscalation":false,"ProcMount":null,"SeccompProfile":null,"AppArmorProfile":null}: cannot set `allowPrivilegeEscalation` to false and `privileged` to true
[webhook] kubectl dry-run failed (exit=1) stderr='The DaemonSet "cilium" is invalid: spec.template.spec.initContainers[3].securityContext: Invalid value: {"Capabilities":null,"Privileged":true,"SELinuxOptions":null,"WindowsOptions":null,"RunAsUser":null,"RunAsGroup":null,"RunAsNonRoot":true,"ReadOnlyRootFilesystem":true,"AllowPrivilegeEscalation":false,"ProcMount":null,"SeccompProfile":null,"AppArmorProfile":null}: cannot set `allowPrivilegeEscalation` to false and `privileged` to true'
[webhook] giving up after retries; last error: The DaemonSet "cilium" is invalid: spec.template.spec.initContainers[3].securityContext: Invalid value: {"Capabilities":null,"Privileged":true,"SELinuxOptions":null,"WindowsOptions":null,"RunAsUser":null,"RunAsGroup":null,"RunAsNonRoot":true,"ReadOnlyRootFilesystem":true,"AllowPrivilegeEscalation":false,"ProcMount":null,"SeccompProfile":null,"AppArmorProfile":null}: cannot set `allowPrivilegeEscalation` to false and `privileged` to true
[webhook] kubectl dry-run failed (exit=1) stderr='The DaemonSet "cilium" is invalid: spec.template.spec.initContainers[3].securityContext: Invalid value: {"Capabilities":null,"Privileged":true,"SELinuxOptions":null,"WindowsOptions":null,"RunAsUser":null,"RunAsGroup":null,"RunAsNonRoot":true,"ReadOnlyRootFilesystem":true,"AllowPrivilegeEscalation":false,"ProcMount":null,"SeccompProfile":null,"AppArmorProfile":null}: cannot set `allowPrivilegeEscalation` to false and `privileged` to true'
[webhook] giving up after retries; last error: The DaemonSet "cilium" is invalid: spec.template.spec.initContainers[3].securityContext: Invalid value: {"Capabilities":null,"Privileged":true,"SELinuxOptions":null,"WindowsOptions":null,"RunAsUser":null,"RunAsGroup":null,"RunAsNonRoot":true,"ReadOnlyRootFilesystem":true,"AllowPrivilegeEscalation":false,"ProcMount":null,"SeccompProfile":null,"AppArmorProfile":null}: cannot set `allowPrivilegeEscalation` to false and `privileged` to true
[webhook] kubectl dry-run failed (exit=1) stderr='The DaemonSet "cilium" is invalid: spec.template.spec.initContainers[3].securityContext: Invalid value: {"Capabilities":null,"Privileged":true,"SELinuxOptions":null,"WindowsOptions":null,"RunAsUser":null,"RunAsGroup":null,"RunAsNonRoot":true,"ReadOnlyRootFilesystem":true,"AllowPrivilegeEscalation":false,"ProcMount":null,"SeccompProfile":null,"AppArmorProfile":null}: cannot set `allowPrivilegeEscalation` to false and `privileged` to true'
[webhook] giving up after retries; last error: The DaemonSet "cilium" is invalid: spec.template.spec.initContainers[3].securityContext: Invalid value: {"Capabilities":null,"Privileged":true,"SELinuxOptions":null,"WindowsOptions":null,"RunAsUser":null,"RunAsGroup":null,"RunAsNonRoot":true,"ReadOnlyRootFilesystem":true,"AllowPrivilegeEscalation":false,"ProcMount":null,"SeccompProfile":null,"AppArmorProfile":null}: cannot set `allowPrivilegeEscalation` to false and `privileged` to true
[webhook] kubectl dry-run failed (exit=1) stderr='The DaemonSet "cilium" is invalid: spec.template.spec.initContainers[3].securityContext: Invalid value: {"Capabilities":null,"Privileged":true,"SELinuxOptions":null,"WindowsOptions":null,"RunAsUser":null,"RunAsGroup":null,"RunAsNonRoot":true,"ReadOnlyRootFilesystem":true,"AllowPrivilegeEscalation":false,"ProcMount":null,"SeccompProfile":null,"AppArmorProfile":null}: cannot set `allowPrivilegeEscalation` to false and `privileged` to true'
[webhook] giving up after retries; last error: The DaemonSet "cilium" is invalid: spec.template.spec.initContainers[3].securityContext: Invalid value: {"Capabilities":null,"Privileged":true,"SELinuxOptions":null,"WindowsOptions":null,"RunAsUser":null,"RunAsGroup":null,"RunAsNonRoot":true,"ReadOnlyRootFilesystem":true,"AllowPrivilegeEscalation":false,"ProcMount":null,"SeccompProfile":null,"AppArmorProfile":null}: cannot set `allowPrivilegeEscalation` to false and `privileged` to true
[webhook] kubectl dry-run failed (exit=1) stderr='The DaemonSet "cilium" is invalid: spec.template.spec.initContainers[3].securityContext: Invalid value: {"Capabilities":null,"Privileged":true,"SELinuxOptions":null,"WindowsOptions":null,"RunAsUser":null,"RunAsGroup":null,"RunAsNonRoot":true,"ReadOnlyRootFilesystem":true,"AllowPrivilegeEscalation":false,"ProcMount":null,"SeccompProfile":null,"AppArmorProfile":null}: cannot set `allowPrivilegeEscalation` to false and `privileged` to true'
[webhook] giving up after retries; last error: The DaemonSet "cilium" is invalid: spec.template.spec.initContainers[3].securityContext: Invalid value: {"Capabilities":null,"Privileged":true,"SELinuxOptions":null,"WindowsOptions":null,"RunAsUser":null,"RunAsGroup":null,"RunAsNonRoot":true,"ReadOnlyRootFilesystem":true,"AllowPrivilegeEscalation":false,"ProcMount":null,"SeccompProfile":null,"AppArmorProfile":null}: cannot set `allowPrivilegeEscalation` to false and `privileged` to true
[webhook] kubectl dry-run failed (exit=1) stderr='The DaemonSet "cilium" is invalid: spec.template.spec.initContainers[3].securityContext: Invalid value: {"Capabilities":null,"Privileged":true,"SELinuxOptions":null,"WindowsOptions":null,"RunAsUser":null,"RunAsGroup":null,"RunAsNonRoot":true,"ReadOnlyRootFilesystem":true,"AllowPrivilegeEscalation":false,"ProcMount":null,"SeccompProfile":null,"AppArmorProfile":null}: cannot set `allowPrivilegeEscalation` to false and `privileged` to true'
[webhook] giving up after retries; last error: The DaemonSet "cilium" is invalid: spec.template.spec.initContainers[3].securityContext: Invalid value: {"Capabilities":null,"Privileged":true,"SELinuxOptions":null,"WindowsOptions":null,"RunAsUser":null,"RunAsGroup":null,"RunAsNonRoot":true,"ReadOnlyRootFilesystem":true,"AllowPrivilegeEscalation":false,"ProcMount":null,"SeccompProfile":null,"AppArmorProfile":null}: cannot set `allowPrivilegeEscalation` to false and `privileged` to true
[webhook] kubectl dry-run failed (exit=1) stderr='The DaemonSet "cilium" is invalid: spec.template.spec.initContainers[3].securityContext: Invalid value: {"Capabilities":null,"Privileged":true,"SELinuxOptions":null,"WindowsOptions":null,"RunAsUser":null,"RunAsGroup":null,"RunAsNonRoot":true,"ReadOnlyRootFilesystem":true,"AllowPrivilegeEscalation":false,"ProcMount":null,"SeccompProfile":null,"AppArmorProfile":null}: cannot set `allowPrivilegeEscalation` to false and `privileged` to true'
[webhook] giving up after retries; last error: The DaemonSet "cilium" is invalid: spec.template.spec.initContainers[3].securityContext: Invalid value: {"Capabilities":null,"Privileged":true,"SELinuxOptions":null,"WindowsOptions":null,"RunAsUser":null,"RunAsGroup":null,"RunAsNonRoot":true,"ReadOnlyRootFilesystem":true,"AllowPrivilegeEscalation":false,"ProcMount":null,"SeccompProfile":null,"AppArmorProfile":null}: cannot set `allowPrivilegeEscalation` to false and `privileged` to true
[webhook] kubectl dry-run failed (exit=1) stderr='The DaemonSet "cilium" is invalid: spec.template.spec.initContainers[3].securityContext: Invalid value: {"Capabilities":null,"Privileged":true,"SELinuxOptions":null,"WindowsOptions":null,"RunAsUser":null,"RunAsGroup":null,"RunAsNonRoot":true,"ReadOnlyRootFilesystem":true,"AllowPrivilegeEscalation":false,"ProcMount":null,"SeccompProfile":null,"AppArmorProfile":null}: cannot set `allowPrivilegeEscalation` to false and `privileged` to true'
[webhook] giving up after retries; last error: The DaemonSet "cilium" is invalid: spec.template.spec.initContainers[3].securityContext: Invalid value: {"Capabilities":null,"Privileged":true,"SELinuxOptions":null,"WindowsOptions":null,"RunAsUser":null,"RunAsGroup":null,"RunAsNonRoot":true,"ReadOnlyRootFilesystem":true,"AllowPrivilegeEscalation":false,"ProcMount":null,"SeccompProfile":null,"AppArmorProfile":null}: cannot set `allowPrivilegeEscalation` to false and `privileged` to true
[webhook] kubectl dry-run failed (exit=1) stderr='The DaemonSet "cilium" is invalid: spec.template.spec.initContainers[3].securityContext: Invalid value: {"Capabilities":null,"Privileged":true,"SELinuxOptions":null,"WindowsOptions":null,"RunAsUser":null,"RunAsGroup":null,"RunAsNonRoot":true,"ReadOnlyRootFilesystem":true,"AllowPrivilegeEscalation":false,"ProcMount":null,"SeccompProfile":null,"AppArmorProfile":null}: cannot set `allowPrivilegeEscalation` to false and `privileged` to true'
[webhook] giving up after retries; last error: The DaemonSet "cilium" is invalid: spec.template.spec.initContainers[3].securityContext: Invalid value: {"Capabilities":null,"Privileged":true,"SELinuxOptions":null,"WindowsOptions":null,"RunAsUser":null,"RunAsGroup":null,"RunAsNonRoot":true,"ReadOnlyRootFilesystem":true,"AllowPrivilegeEscalation":false,"ProcMount":null,"SeccompProfile":null,"AppArmorProfile":null}: cannot set `allowPrivilegeEscalation` to false and `privileged` to true
[webhook] kubectl dry-run failed (exit=1) stderr='The DaemonSet "cilium" is invalid: spec.template.spec.initContainers[3].securityContext: Invalid value: {"Capabilities":null,"Privileged":true,"SELinuxOptions":null,"WindowsOptions":null,"RunAsUser":null,"RunAsGroup":null,"RunAsNonRoot":true,"ReadOnlyRootFilesystem":true,"AllowPrivilegeEscalation":false,"ProcMount":null,"SeccompProfile":null,"AppArmorProfile":null}: cannot set `allowPrivilegeEscalation` to false and `privileged` to true'
[webhook] giving up after retries; last error: The DaemonSet "cilium" is invalid: spec.template.spec.initContainers[3].securityContext: Invalid value: {"Capabilities":null,"Privileged":true,"SELinuxOptions":null,"WindowsOptions":null,"RunAsUser":null,"RunAsGroup":null,"RunAsNonRoot":true,"ReadOnlyRootFilesystem":true,"AllowPrivilegeEscalation":false,"ProcMount":null,"SeccompProfile":null,"AppArmorProfile":null}: cannot set `allowPrivilegeEscalation` to false and `privileged` to true
[webhook] kubectl dry-run failed (exit=1) stderr='The DaemonSet "cilium" is invalid: spec.template.spec.initContainers[3].securityContext: Invalid value: {"Capabilities":null,"Privileged":true,"SELinuxOptions":null,"WindowsOptions":null,"RunAsUser":null,"RunAsGroup":null,"RunAsNonRoot":true,"ReadOnlyRootFilesystem":true,"AllowPrivilegeEscalation":false,"ProcMount":null,"SeccompProfile":null,"AppArmorProfile":null}: cannot set `allowPrivilegeEscalation` to false and `privileged` to true'
[webhook] giving up after retries; last error: The DaemonSet "cilium" is invalid: spec.template.spec.initContainers[3].securityContext: Invalid value: {"Capabilities":null,"Privileged":true,"SELinuxOptions":null,"WindowsOptions":null,"RunAsUser":null,"RunAsGroup":null,"RunAsNonRoot":true,"ReadOnlyRootFilesystem":true,"AllowPrivilegeEscalation":false,"ProcMount":null,"SeccompProfile":null,"AppArmorProfile":null}: cannot set `allowPrivilegeEscalation` to false and `privileged` to true
[webhook] kubectl dry-run failed (exit=1) stderr='The DaemonSet "cilium" is invalid: spec.template.spec.initContainers[3].securityContext: Invalid value: {"Capabilities":null,"Privileged":true,"SELinuxOptions":null,"WindowsOptions":null,"RunAsUser":null,"RunAsGroup":null,"RunAsNonRoot":true,"ReadOnlyRootFilesystem":true,"AllowPrivilegeEscalation":false,"ProcMount":null,"SeccompProfile":null,"AppArmorProfile":null}: cannot set `allowPrivilegeEscalation` to false and `privileged` to true'
[webhook] giving up after retries; last error: The DaemonSet "cilium" is invalid: spec.template.spec.initContainers[3].securityContext: Invalid value: {"Capabilities":null,"Privileged":true,"SELinuxOptions":null,"WindowsOptions":null,"RunAsUser":null,"RunAsGroup":null,"RunAsNonRoot":true,"ReadOnlyRootFilesystem":true,"AllowPrivilegeEscalation":false,"ProcMount":null,"SeccompProfile":null,"AppArmorProfile":null}: cannot set `allowPrivilegeEscalation` to false and `privileged` to true
[webhook] kubectl dry-run failed (exit=1) stderr='The DaemonSet "cilium" is invalid: spec.template.spec.initContainers[3].securityContext: Invalid value: {"Capabilities":null,"Privileged":true,"SELinuxOptions":null,"WindowsOptions":null,"RunAsUser":null,"RunAsGroup":null,"RunAsNonRoot":true,"ReadOnlyRootFilesystem":true,"AllowPrivilegeEscalation":false,"ProcMount":null,"SeccompProfile":null,"AppArmorProfile":null}: cannot set `allowPrivilegeEscalation` to false and `privileged` to true'
[webhook] giving up after retries; last error: The DaemonSet "cilium" is invalid: spec.template.spec.initContainers[3].securityContext: Invalid value: {"Capabilities":null,"Privileged":true,"SELinuxOptions":null,"WindowsOptions":null,"RunAsUser":null,"RunAsGroup":null,"RunAsNonRoot":true,"ReadOnlyRootFilesystem":true,"AllowPrivilegeEscalation":false,"ProcMount":null,"SeccompProfile":null,"AppArmorProfile":null}: cannot set `allowPrivilegeEscalation` to false and `privileged` to true
[webhook] kubectl dry-run failed (exit=1) stderr='The StatefulSet "elasticsearch-master" is invalid: spec.template.spec.initContainers[0].securityContext: Invalid value: {"Capabilities":null,"Privileged":true,"SELinuxOptions":null,"WindowsOptions":null,"RunAsUser":0,"RunAsGroup":null,"RunAsNonRoot":true,"ReadOnlyRootFilesystem":true,"AllowPrivilegeEscalation":false,"ProcMount":null,"SeccompProfile":null,"AppArmorProfile":null}: cannot set `allowPrivilegeEscalation` to false and `privileged` to true'
[webhook] giving up after retries; last error: The StatefulSet "elasticsearch-master" is invalid: spec.template.spec.initContainers[0].securityContext: Invalid value: {"Capabilities":null,"Privileged":true,"SELinuxOptions":null,"WindowsOptions":null,"RunAsUser":0,"RunAsGroup":null,"RunAsNonRoot":true,"ReadOnlyRootFilesystem":true,"AllowPrivilegeEscalation":false,"ProcMount":null,"SeccompProfile":null,"AppArmorProfile":null}: cannot set `allowPrivilegeEscalation` to false and `privileged` to true
[webhook] kubectl dry-run failed (exit=1) stderr='The StatefulSet "elasticsearch-master" is invalid: spec.template.spec.initContainers[0].securityContext: Invalid value: {"Capabilities":null,"Privileged":true,"SELinuxOptions":null,"WindowsOptions":null,"RunAsUser":0,"RunAsGroup":null,"RunAsNonRoot":true,"ReadOnlyRootFilesystem":true,"AllowPrivilegeEscalation":false,"ProcMount":null,"SeccompProfile":null,"AppArmorProfile":null}: cannot set `allowPrivilegeEscalation` to false and `privileged` to true'
[webhook] giving up after retries; last error: The StatefulSet "elasticsearch-master" is invalid: spec.template.spec.initContainers[0].securityContext: Invalid value: {"Capabilities":null,"Privileged":true,"SELinuxOptions":null,"WindowsOptions":null,"RunAsUser":0,"RunAsGroup":null,"RunAsNonRoot":true,"ReadOnlyRootFilesystem":true,"AllowPrivilegeEscalation":false,"ProcMount":null,"SeccompProfile":null,"AppArmorProfile":null}: cannot set `allowPrivilegeEscalation` to false and `privileged` to true
[webhook] kubectl dry-run failed (exit=1) stderr='The StatefulSet "elasticsearch-master" is invalid: spec.template.spec.initContainers[0].securityContext: Invalid value: {"Capabilities":null,"Privileged":true,"SELinuxOptions":null,"WindowsOptions":null,"RunAsUser":0,"RunAsGroup":null,"RunAsNonRoot":true,"ReadOnlyRootFilesystem":true,"AllowPrivilegeEscalation":false,"ProcMount":null,"SeccompProfile":null,"AppArmorProfile":null}: cannot set `allowPrivilegeEscalation` to false and `privileged` to true'
[webhook] giving up after retries; last error: The StatefulSet "elasticsearch-master" is invalid: spec.template.spec.initContainers[0].securityContext: Invalid value: {"Capabilities":null,"Privileged":true,"SELinuxOptions":null,"WindowsOptions":null,"RunAsUser":0,"RunAsGroup":null,"RunAsNonRoot":true,"ReadOnlyRootFilesystem":true,"AllowPrivilegeEscalation":false,"ProcMount":null,"SeccompProfile":null,"AppArmorProfile":null}: cannot set `allowPrivilegeEscalation` to false and `privileged` to true
[webhook] kubectl dry-run failed (exit=1) stderr='The StatefulSet "elasticsearch-master" is invalid: spec.template.spec.initContainers[0].securityContext: Invalid value: {"Capabilities":null,"Privileged":true,"SELinuxOptions":null,"WindowsOptions":null,"RunAsUser":0,"RunAsGroup":null,"RunAsNonRoot":true,"ReadOnlyRootFilesystem":true,"AllowPrivilegeEscalation":false,"ProcMount":null,"SeccompProfile":null,"AppArmorProfile":null}: cannot set `allowPrivilegeEscalation` to false and `privileged` to true'
[webhook] giving up after retries; last error: The StatefulSet "elasticsearch-master" is invalid: spec.template.spec.initContainers[0].securityContext: Invalid value: {"Capabilities":null,"Privileged":true,"SELinuxOptions":null,"WindowsOptions":null,"RunAsUser":0,"RunAsGroup":null,"RunAsNonRoot":true,"ReadOnlyRootFilesystem":true,"AllowPrivilegeEscalation":false,"ProcMount":null,"SeccompProfile":null,"AppArmorProfile":null}: cannot set `allowPrivilegeEscalation` to false and `privileged` to true
[webhook] kubectl dry-run failed (exit=1) stderr='The StatefulSet "elasticsearch-master" is invalid: spec.template.spec.initContainers[0].securityContext: Invalid value: {"Capabilities":null,"Privileged":true,"SELinuxOptions":null,"WindowsOptions":null,"RunAsUser":0,"RunAsGroup":null,"RunAsNonRoot":true,"ReadOnlyRootFilesystem":true,"AllowPrivilegeEscalation":false,"ProcMount":null,"SeccompProfile":null,"AppArmorProfile":null}: cannot set `allowPrivilegeEscalation` to false and `privileged` to true'
[webhook] giving up after retries; last error: The StatefulSet "elasticsearch-master" is invalid: spec.template.spec.initContainers[0].securityContext: Invalid value: {"Capabilities":null,"Privileged":true,"SELinuxOptions":null,"WindowsOptions":null,"RunAsUser":0,"RunAsGroup":null,"RunAsNonRoot":true,"ReadOnlyRootFilesystem":true,"AllowPrivilegeEscalation":false,"ProcMount":null,"SeccompProfile":null,"AppArmorProfile":null}: cannot set `allowPrivilegeEscalation` to false and `privileged` to true
[webhook] kubectl dry-run failed (exit=1) stderr='The StatefulSet "elasticsearch-master" is invalid: spec.template.spec.initContainers[0].securityContext: Invalid value: {"Capabilities":null,"Privileged":true,"SELinuxOptions":null,"WindowsOptions":null,"RunAsUser":0,"RunAsGroup":null,"RunAsNonRoot":true,"ReadOnlyRootFilesystem":true,"AllowPrivilegeEscalation":false,"ProcMount":null,"SeccompProfile":null,"AppArmorProfile":null}: cannot set `allowPrivilegeEscalation` to false and `privileged` to true'
[webhook] giving up after retries; last error: The StatefulSet "elasticsearch-master" is invalid: spec.template.spec.initContainers[0].securityContext: Invalid value: {"Capabilities":null,"Privileged":true,"SELinuxOptions":null,"WindowsOptions":null,"RunAsUser":0,"RunAsGroup":null,"RunAsNonRoot":true,"ReadOnlyRootFilesystem":true,"AllowPrivilegeEscalation":false,"ProcMount":null,"SeccompProfile":null,"AppArmorProfile":null}: cannot set `allowPrivilegeEscalation` to false and `privileged` to true
[webhook] kubectl dry-run failed (exit=1) stderr='The StatefulSet "elasticsearch-master" is invalid: spec.template.spec.initContainers[0].securityContext: Invalid value: {"Capabilities":null,"Privileged":true,"SELinuxOptions":null,"WindowsOptions":null,"RunAsUser":0,"RunAsGroup":null,"RunAsNonRoot":true,"ReadOnlyRootFilesystem":true,"AllowPrivilegeEscalation":false,"ProcMount":null,"SeccompProfile":null,"AppArmorProfile":null}: cannot set `allowPrivilegeEscalation` to false and `privileged` to true'
[webhook] giving up after retries; last error: The StatefulSet "elasticsearch-master" is invalid: spec.template.spec.initContainers[0].securityContext: Invalid value: {"Capabilities":null,"Privileged":true,"SELinuxOptions":null,"WindowsOptions":null,"RunAsUser":0,"RunAsGroup":null,"RunAsNonRoot":true,"ReadOnlyRootFilesystem":true,"AllowPrivilegeEscalation":false,"ProcMount":null,"SeccompProfile":null,"AppArmorProfile":null}: cannot set `allowPrivilegeEscalation` to false and `privileged` to true
[webhook] kubectl dry-run failed (exit=1) stderr='Error from server (Forbidden): error when creating "/var/folders/5d/35n_63091x51cjnl2zsvb2s40000gn/T/polaris_webhook_48axqc2e/00272.yaml": pods "release-name-grafana-test" is forbidden: error looking up service account default/release-name-grafana-test: serviceaccount "release-name-grafana-test" not found'
[webhook] giving up after retries; last error: Error from server (Forbidden): error when creating "/var/folders/5d/35n_63091x51cjnl2zsvb2s40000gn/T/polaris_webhook_48axqc2e/00272.yaml": pods "release-name-grafana-test" is forbidden: error looking up service account default/release-name-grafana-test: serviceaccount "release-name-grafana-test" not found
[webhook] kubectl dry-run failed (exit=1) stderr='Error from server (Forbidden): error when creating "/var/folders/5d/35n_63091x51cjnl2zsvb2s40000gn/T/polaris_webhook_48axqc2e/00273.yaml": pods "release-name-grafana-test" is forbidden: error looking up service account default/release-name-grafana-test: serviceaccount "release-name-grafana-test" not found'
[webhook] giving up after retries; last error: Error from server (Forbidden): error when creating "/var/folders/5d/35n_63091x51cjnl2zsvb2s40000gn/T/polaris_webhook_48axqc2e/00273.yaml": pods "release-name-grafana-test" is forbidden: error looking up service account default/release-name-grafana-test: serviceaccount "release-name-grafana-test" not found
[webhook] kubectl dry-run failed (exit=1) stderr='Error from server (Forbidden): error when creating "/var/folders/5d/35n_63091x51cjnl2zsvb2s40000gn/T/polaris_webhook_48axqc2e/00274.yaml": pods "release-name-grafana-test" is forbidden: error looking up service account default/release-name-grafana-test: serviceaccount "release-name-grafana-test" not found'
[webhook] giving up after retries; last error: Error from server (Forbidden): error when creating "/var/folders/5d/35n_63091x51cjnl2zsvb2s40000gn/T/polaris_webhook_48axqc2e/00274.yaml": pods "release-name-grafana-test" is forbidden: error looking up service account default/release-name-grafana-test: serviceaccount "release-name-grafana-test" not found
[webhook] kubectl dry-run failed (exit=1) stderr='Error from server (Forbidden): error when creating "/var/folders/5d/35n_63091x51cjnl2zsvb2s40000gn/T/polaris_webhook_48axqc2e/00275.yaml": pods "release-name-grafana-test" is forbidden: error looking up service account default/release-name-grafana-test: serviceaccount "release-name-grafana-test" not found'
[webhook] giving up after retries; last error: Error from server (Forbidden): error when creating "/var/folders/5d/35n_63091x51cjnl2zsvb2s40000gn/T/polaris_webhook_48axqc2e/00275.yaml": pods "release-name-grafana-test" is forbidden: error looking up service account default/release-name-grafana-test: serviceaccount "release-name-grafana-test" not found
[webhook] kubectl dry-run failed (exit=1) stderr='The DaemonSet "longhorn-manager" is invalid: spec.template.spec.containers[0].securityContext: Invalid value: {"Capabilities":null,"Privileged":true,"SELinuxOptions":null,"WindowsOptions":null,"RunAsUser":null,"RunAsGroup":null,"RunAsNonRoot":true,"ReadOnlyRootFilesystem":true,"AllowPrivilegeEscalation":false,"ProcMount":null,"SeccompProfile":null,"AppArmorProfile":null}: cannot set `allowPrivilegeEscalation` to false and `privileged` to true'
[webhook] giving up after retries; last error: The DaemonSet "longhorn-manager" is invalid: spec.template.spec.containers[0].securityContext: Invalid value: {"Capabilities":null,"Privileged":true,"SELinuxOptions":null,"WindowsOptions":null,"RunAsUser":null,"RunAsGroup":null,"RunAsNonRoot":true,"ReadOnlyRootFilesystem":true,"AllowPrivilegeEscalation":false,"ProcMount":null,"SeccompProfile":null,"AppArmorProfile":null}: cannot set `allowPrivilegeEscalation` to false and `privileged` to true
[webhook] kubectl dry-run failed (exit=1) stderr='The DaemonSet "longhorn-manager" is invalid: spec.template.spec.containers[0].securityContext: Invalid value: {"Capabilities":null,"Privileged":true,"SELinuxOptions":null,"WindowsOptions":null,"RunAsUser":null,"RunAsGroup":null,"RunAsNonRoot":true,"ReadOnlyRootFilesystem":true,"AllowPrivilegeEscalation":false,"ProcMount":null,"SeccompProfile":null,"AppArmorProfile":null}: cannot set `allowPrivilegeEscalation` to false and `privileged` to true'
[webhook] giving up after retries; last error: The DaemonSet "longhorn-manager" is invalid: spec.template.spec.containers[0].securityContext: Invalid value: {"Capabilities":null,"Privileged":true,"SELinuxOptions":null,"WindowsOptions":null,"RunAsUser":null,"RunAsGroup":null,"RunAsNonRoot":true,"ReadOnlyRootFilesystem":true,"AllowPrivilegeEscalation":false,"ProcMount":null,"SeccompProfile":null,"AppArmorProfile":null}: cannot set `allowPrivilegeEscalation` to false and `privileged` to true
[webhook] kubectl dry-run failed (exit=1) stderr='The DaemonSet "longhorn-manager" is invalid: spec.template.spec.containers[0].securityContext: Invalid value: {"Capabilities":null,"Privileged":true,"SELinuxOptions":null,"WindowsOptions":null,"RunAsUser":null,"RunAsGroup":null,"RunAsNonRoot":true,"ReadOnlyRootFilesystem":true,"AllowPrivilegeEscalation":false,"ProcMount":null,"SeccompProfile":null,"AppArmorProfile":null}: cannot set `allowPrivilegeEscalation` to false and `privileged` to true'
[webhook] giving up after retries; last error: The DaemonSet "longhorn-manager" is invalid: spec.template.spec.containers[0].securityContext: Invalid value: {"Capabilities":null,"Privileged":true,"SELinuxOptions":null,"WindowsOptions":null,"RunAsUser":null,"RunAsGroup":null,"RunAsNonRoot":true,"ReadOnlyRootFilesystem":true,"AllowPrivilegeEscalation":false,"ProcMount":null,"SeccompProfile":null,"AppArmorProfile":null}: cannot set `allowPrivilegeEscalation` to false and `privileged` to true
[webhook] kubectl dry-run failed (exit=1) stderr='The DaemonSet "longhorn-manager" is invalid: spec.template.spec.containers[0].securityContext: Invalid value: {"Capabilities":null,"Privileged":true,"SELinuxOptions":null,"WindowsOptions":null,"RunAsUser":null,"RunAsGroup":null,"RunAsNonRoot":true,"ReadOnlyRootFilesystem":true,"AllowPrivilegeEscalation":false,"ProcMount":null,"SeccompProfile":null,"AppArmorProfile":null}: cannot set `allowPrivilegeEscalation` to false and `privileged` to true'
[webhook] giving up after retries; last error: The DaemonSet "longhorn-manager" is invalid: spec.template.spec.containers[0].securityContext: Invalid value: {"Capabilities":null,"Privileged":true,"SELinuxOptions":null,"WindowsOptions":null,"RunAsUser":null,"RunAsGroup":null,"RunAsNonRoot":true,"ReadOnlyRootFilesystem":true,"AllowPrivilegeEscalation":false,"ProcMount":null,"SeccompProfile":null,"AppArmorProfile":null}: cannot set `allowPrivilegeEscalation` to false and `privileged` to true
[webhook] kubectl dry-run failed (exit=1) stderr='The DaemonSet "longhorn-manager" is invalid: spec.template.spec.containers[0].securityContext: Invalid value: {"Capabilities":null,"Privileged":true,"SELinuxOptions":null,"WindowsOptions":null,"RunAsUser":null,"RunAsGroup":null,"RunAsNonRoot":true,"ReadOnlyRootFilesystem":true,"AllowPrivilegeEscalation":false,"ProcMount":null,"SeccompProfile":null,"AppArmorProfile":null}: cannot set `allowPrivilegeEscalation` to false and `privileged` to true'
[webhook] giving up after retries; last error: The DaemonSet "longhorn-manager" is invalid: spec.template.spec.containers[0].securityContext: Invalid value: {"Capabilities":null,"Privileged":true,"SELinuxOptions":null,"WindowsOptions":null,"RunAsUser":null,"RunAsGroup":null,"RunAsNonRoot":true,"ReadOnlyRootFilesystem":true,"AllowPrivilegeEscalation":false,"ProcMount":null,"SeccompProfile":null,"AppArmorProfile":null}: cannot set `allowPrivilegeEscalation` to false and `privileged` to true
[webhook] kubectl dry-run failed (exit=1) stderr='The DaemonSet "longhorn-manager" is invalid: spec.template.spec.containers[0].securityContext: Invalid value: {"Capabilities":null,"Privileged":true,"SELinuxOptions":null,"WindowsOptions":null,"RunAsUser":null,"RunAsGroup":null,"RunAsNonRoot":true,"ReadOnlyRootFilesystem":true,"AllowPrivilegeEscalation":false,"ProcMount":null,"SeccompProfile":null,"AppArmorProfile":null}: cannot set `allowPrivilegeEscalation` to false and `privileged` to true'
[webhook] giving up after retries; last error: The DaemonSet "longhorn-manager" is invalid: spec.template.spec.containers[0].securityContext: Invalid value: {"Capabilities":null,"Privileged":true,"SELinuxOptions":null,"WindowsOptions":null,"RunAsUser":null,"RunAsGroup":null,"RunAsNonRoot":true,"ReadOnlyRootFilesystem":true,"AllowPrivilegeEscalation":false,"ProcMount":null,"SeccompProfile":null,"AppArmorProfile":null}: cannot set `allowPrivilegeEscalation` to false and `privileged` to true
[webhook] kubectl dry-run failed (exit=1) stderr='The DaemonSet "longhorn-manager" is invalid: spec.template.spec.containers[0].securityContext: Invalid value: {"Capabilities":null,"Privileged":true,"SELinuxOptions":null,"WindowsOptions":null,"RunAsUser":null,"RunAsGroup":null,"RunAsNonRoot":true,"ReadOnlyRootFilesystem":true,"AllowPrivilegeEscalation":false,"ProcMount":null,"SeccompProfile":null,"AppArmorProfile":null}: cannot set `allowPrivilegeEscalation` to false and `privileged` to true'
[webhook] giving up after retries; last error: The DaemonSet "longhorn-manager" is invalid: spec.template.spec.containers[0].securityContext: Invalid value: {"Capabilities":null,"Privileged":true,"SELinuxOptions":null,"WindowsOptions":null,"RunAsUser":null,"RunAsGroup":null,"RunAsNonRoot":true,"ReadOnlyRootFilesystem":true,"AllowPrivilegeEscalation":false,"ProcMount":null,"SeccompProfile":null,"AppArmorProfile":null}: cannot set `allowPrivilegeEscalation` to false and `privileged` to true
[webhook] kubectl dry-run failed (exit=1) stderr='The DaemonSet "longhorn-manager" is invalid: spec.template.spec.containers[0].securityContext: Invalid value: {"Capabilities":null,"Privileged":true,"SELinuxOptions":null,"WindowsOptions":null,"RunAsUser":null,"RunAsGroup":null,"RunAsNonRoot":true,"ReadOnlyRootFilesystem":true,"AllowPrivilegeEscalation":false,"ProcMount":null,"SeccompProfile":null,"AppArmorProfile":null}: cannot set `allowPrivilegeEscalation` to false and `privileged` to true'
[webhook] giving up after retries; last error: The DaemonSet "longhorn-manager" is invalid: spec.template.spec.containers[0].securityContext: Invalid value: {"Capabilities":null,"Privileged":true,"SELinuxOptions":null,"WindowsOptions":null,"RunAsUser":null,"RunAsGroup":null,"RunAsNonRoot":true,"ReadOnlyRootFilesystem":true,"AllowPrivilegeEscalation":false,"ProcMount":null,"SeccompProfile":null,"AppArmorProfile":null}: cannot set `allowPrivilegeEscalation` to false and `privileged` to true
[webhook] kubectl dry-run failed (exit=1) stderr='The DaemonSet "longhorn-manager" is invalid: spec.template.spec.containers[0].securityContext: Invalid value: {"Capabilities":null,"Privileged":true,"SELinuxOptions":null,"WindowsOptions":null,"RunAsUser":null,"RunAsGroup":null,"RunAsNonRoot":true,"ReadOnlyRootFilesystem":true,"AllowPrivilegeEscalation":false,"ProcMount":null,"SeccompProfile":null,"AppArmorProfile":null}: cannot set `allowPrivilegeEscalation` to false and `privileged` to true'
[webhook] giving up after retries; last error: The DaemonSet "longhorn-manager" is invalid: spec.template.spec.containers[0].securityContext: Invalid value: {"Capabilities":null,"Privileged":true,"SELinuxOptions":null,"WindowsOptions":null,"RunAsUser":null,"RunAsGroup":null,"RunAsNonRoot":true,"ReadOnlyRootFilesystem":true,"AllowPrivilegeEscalation":false,"ProcMount":null,"SeccompProfile":null,"AppArmorProfile":null}: cannot set `allowPrivilegeEscalation` to false and `privileged` to true
[webhook] kubectl dry-run failed (exit=1) stderr='The DaemonSet "longhorn-manager" is invalid: spec.template.spec.containers[0].securityContext: Invalid value: {"Capabilities":null,"Privileged":true,"SELinuxOptions":null,"WindowsOptions":null,"RunAsUser":null,"RunAsGroup":null,"RunAsNonRoot":true,"ReadOnlyRootFilesystem":true,"AllowPrivilegeEscalation":false,"ProcMount":null,"SeccompProfile":null,"AppArmorProfile":null}: cannot set `allowPrivilegeEscalation` to false and `privileged` to true'
[webhook] giving up after retries; last error: The DaemonSet "longhorn-manager" is invalid: spec.template.spec.containers[0].securityContext: Invalid value: {"Capabilities":null,"Privileged":true,"SELinuxOptions":null,"WindowsOptions":null,"RunAsUser":null,"RunAsGroup":null,"RunAsNonRoot":true,"ReadOnlyRootFilesystem":true,"AllowPrivilegeEscalation":false,"ProcMount":null,"SeccompProfile":null,"AppArmorProfile":null}: cannot set `allowPrivilegeEscalation` to false and `privileged` to true
[webhook] kubectl dry-run failed (exit=1) stderr='The Job "longhorn-pre-upgrade" is invalid: spec.template.spec.containers[0].securityContext: Invalid value: {"Capabilities":null,"Privileged":true,"SELinuxOptions":null,"WindowsOptions":null,"RunAsUser":null,"RunAsGroup":null,"RunAsNonRoot":true,"ReadOnlyRootFilesystem":true,"AllowPrivilegeEscalation":false,"ProcMount":null,"SeccompProfile":null,"AppArmorProfile":null}: cannot set `allowPrivilegeEscalation` to false and `privileged` to true'
[webhook] giving up after retries; last error: The Job "longhorn-pre-upgrade" is invalid: spec.template.spec.containers[0].securityContext: Invalid value: {"Capabilities":null,"Privileged":true,"SELinuxOptions":null,"WindowsOptions":null,"RunAsUser":null,"RunAsGroup":null,"RunAsNonRoot":true,"ReadOnlyRootFilesystem":true,"AllowPrivilegeEscalation":false,"ProcMount":null,"SeccompProfile":null,"AppArmorProfile":null}: cannot set `allowPrivilegeEscalation` to false and `privileged` to true
[webhook] kubectl dry-run failed (exit=1) stderr='The Job "longhorn-pre-upgrade" is invalid: spec.template.spec.containers[0].securityContext: Invalid value: {"Capabilities":null,"Privileged":true,"SELinuxOptions":null,"WindowsOptions":null,"RunAsUser":null,"RunAsGroup":null,"RunAsNonRoot":true,"ReadOnlyRootFilesystem":true,"AllowPrivilegeEscalation":false,"ProcMount":null,"SeccompProfile":null,"AppArmorProfile":null}: cannot set `allowPrivilegeEscalation` to false and `privileged` to true'
[webhook] giving up after retries; last error: The Job "longhorn-pre-upgrade" is invalid: spec.template.spec.containers[0].securityContext: Invalid value: {"Capabilities":null,"Privileged":true,"SELinuxOptions":null,"WindowsOptions":null,"RunAsUser":null,"RunAsGroup":null,"RunAsNonRoot":true,"ReadOnlyRootFilesystem":true,"AllowPrivilegeEscalation":false,"ProcMount":null,"SeccompProfile":null,"AppArmorProfile":null}: cannot set `allowPrivilegeEscalation` to false and `privileged` to true
[webhook] kubectl dry-run failed (exit=1) stderr='The Job "longhorn-pre-upgrade" is invalid: spec.template.spec.containers[0].securityContext: Invalid value: {"Capabilities":null,"Privileged":true,"SELinuxOptions":null,"WindowsOptions":null,"RunAsUser":null,"RunAsGroup":null,"RunAsNonRoot":true,"ReadOnlyRootFilesystem":true,"AllowPrivilegeEscalation":false,"ProcMount":null,"SeccompProfile":null,"AppArmorProfile":null}: cannot set `allowPrivilegeEscalation` to false and `privileged` to true'
[webhook] giving up after retries; last error: The Job "longhorn-pre-upgrade" is invalid: spec.template.spec.containers[0].securityContext: Invalid value: {"Capabilities":null,"Privileged":true,"SELinuxOptions":null,"WindowsOptions":null,"RunAsUser":null,"RunAsGroup":null,"RunAsNonRoot":true,"ReadOnlyRootFilesystem":true,"AllowPrivilegeEscalation":false,"ProcMount":null,"SeccompProfile":null,"AppArmorProfile":null}: cannot set `allowPrivilegeEscalation` to false and `privileged` to true
[webhook] kubectl dry-run failed (exit=1) stderr='The Job "longhorn-pre-upgrade" is invalid: spec.template.spec.containers[0].securityContext: Invalid value: {"Capabilities":null,"Privileged":true,"SELinuxOptions":null,"WindowsOptions":null,"RunAsUser":null,"RunAsGroup":null,"RunAsNonRoot":true,"ReadOnlyRootFilesystem":true,"AllowPrivilegeEscalation":false,"ProcMount":null,"SeccompProfile":null,"AppArmorProfile":null}: cannot set `allowPrivilegeEscalation` to false and `privileged` to true'
[webhook] giving up after retries; last error: The Job "longhorn-pre-upgrade" is invalid: spec.template.spec.containers[0].securityContext: Invalid value: {"Capabilities":null,"Privileged":true,"SELinuxOptions":null,"WindowsOptions":null,"RunAsUser":null,"RunAsGroup":null,"RunAsNonRoot":true,"ReadOnlyRootFilesystem":true,"AllowPrivilegeEscalation":false,"ProcMount":null,"SeccompProfile":null,"AppArmorProfile":null}: cannot set `allowPrivilegeEscalation` to false and `privileged` to true
[webhook] kubectl dry-run failed (exit=1) stderr='The Job "longhorn-pre-upgrade" is invalid: spec.template.spec.containers[0].securityContext: Invalid value: {"Capabilities":null,"Privileged":true,"SELinuxOptions":null,"WindowsOptions":null,"RunAsUser":null,"RunAsGroup":null,"RunAsNonRoot":true,"ReadOnlyRootFilesystem":true,"AllowPrivilegeEscalation":false,"ProcMount":null,"SeccompProfile":null,"AppArmorProfile":null}: cannot set `allowPrivilegeEscalation` to false and `privileged` to true'
[webhook] giving up after retries; last error: The Job "longhorn-pre-upgrade" is invalid: spec.template.spec.containers[0].securityContext: Invalid value: {"Capabilities":null,"Privileged":true,"SELinuxOptions":null,"WindowsOptions":null,"RunAsUser":null,"RunAsGroup":null,"RunAsNonRoot":true,"ReadOnlyRootFilesystem":true,"AllowPrivilegeEscalation":false,"ProcMount":null,"SeccompProfile":null,"AppArmorProfile":null}: cannot set `allowPrivilegeEscalation` to false and `privileged` to true
[webhook] kubectl dry-run failed (exit=1) stderr='The Job "longhorn-pre-upgrade" is invalid: spec.template.spec.containers[0].securityContext: Invalid value: {"Capabilities":null,"Privileged":true,"SELinuxOptions":null,"WindowsOptions":null,"RunAsUser":null,"RunAsGroup":null,"RunAsNonRoot":true,"ReadOnlyRootFilesystem":true,"AllowPrivilegeEscalation":false,"ProcMount":null,"SeccompProfile":null,"AppArmorProfile":null}: cannot set `allowPrivilegeEscalation` to false and `privileged` to true'
[webhook] giving up after retries; last error: The Job "longhorn-pre-upgrade" is invalid: spec.template.spec.containers[0].securityContext: Invalid value: {"Capabilities":null,"Privileged":true,"SELinuxOptions":null,"WindowsOptions":null,"RunAsUser":null,"RunAsGroup":null,"RunAsNonRoot":true,"ReadOnlyRootFilesystem":true,"AllowPrivilegeEscalation":false,"ProcMount":null,"SeccompProfile":null,"AppArmorProfile":null}: cannot set `allowPrivilegeEscalation` to false and `privileged` to true
[webhook] kubectl dry-run stderr='Warning: spec.template.spec.containers[3].ports[0]: duplicate port name "monitoring" with spec.template.spec.containers[0].ports[0], services and probes that select ports by name will use spec.template.spec.containers[0].ports[0]'
[webhook] kubectl dry-run stderr='Warning: spec.template.spec.containers[3].ports[0]: duplicate port name "monitoring" with spec.template.spec.containers[0].ports[0], services and probes that select ports by name will use spec.template.spec.containers[0].ports[0]'
[webhook] kubectl dry-run stderr='Warning: spec.template.spec.containers[3].ports[0]: duplicate port name "monitoring" with spec.template.spec.containers[0].ports[0], services and probes that select ports by name will use spec.template.spec.containers[0].ports[0]'
[webhook] kubectl dry-run stderr='Warning: spec.template.spec.containers[3].ports[0]: duplicate port name "monitoring" with spec.template.spec.containers[0].ports[0], services and probes that select ports by name will use spec.template.spec.containers[0].ports[0]'
[webhook] kubectl dry-run stderr='Warning: spec.template.spec.containers[3].ports[0]: duplicate port name "monitoring" with spec.template.spec.containers[0].ports[0], services and probes that select ports by name will use spec.template.spec.containers[0].ports[0]'
[webhook] kubectl dry-run stderr='Warning: spec.template.spec.containers[3].ports[0]: duplicate port name "monitoring" with spec.template.spec.containers[0].ports[0], services and probes that select ports by name will use spec.template.spec.containers[0].ports[0]'
[webhook] kubectl dry-run stderr='Warning: spec.template.spec.containers[3].ports[0]: duplicate port name "monitoring" with spec.template.spec.containers[0].ports[0], services and probes that select ports by name will use spec.template.spec.containers[0].ports[0]'
[webhook] kubectl dry-run stderr='Warning: spec.template.spec.containers[3].ports[0]: duplicate port name "monitoring" with spec.template.spec.containers[0].ports[0], services and probes that select ports by name will use spec.template.spec.containers[0].ports[0]'
[webhook] kubectl dry-run stderr='Warning: spec.template.spec.containers[3].ports[0]: duplicate port name "monitoring" with spec.template.spec.containers[0].ports[0], services and probes that select ports by name will use spec.template.spec.containers[0].ports[0]'
[webhook] kubectl dry-run stderr='Warning: spec.template.spec.containers[3].ports[0]: duplicate port name "monitoring" with spec.template.spec.containers[0].ports[0], services and probes that select ports by name will use spec.template.spec.containers[0].ports[0]'
[webhook] kubectl dry-run stderr='Warning: spec.template.spec.containers[3].ports[0]: duplicate port name "monitoring" with spec.template.spec.containers[0].ports[0], services and probes that select ports by name will use spec.template.spec.containers[0].ports[0]'
[webhook] kubectl dry-run stderr='Warning: spec.template.spec.containers[3].ports[0]: duplicate port name "monitoring" with spec.template.spec.containers[0].ports[0], services and probes that select ports by name will use spec.template.spec.containers[0].ports[0]'
[webhook] kubectl dry-run stderr='Warning: spec.template.spec.containers[3].ports[0]: duplicate port name "monitoring" with spec.template.spec.containers[0].ports[0], services and probes that select ports by name will use spec.template.spec.containers[0].ports[0]'
[webhook] kubectl dry-run stderr='Warning: spec.template.spec.containers[3].ports[0]: duplicate port name "monitoring" with spec.template.spec.containers[0].ports[0], services and probes that select ports by name will use spec.template.spec.containers[0].ports[0]'
[webhook] kubectl dry-run stderr='Warning: spec.template.spec.containers[3].ports[0]: duplicate port name "monitoring" with spec.template.spec.containers[0].ports[0], services and probes that select ports by name will use spec.template.spec.containers[0].ports[0]'
[webhook] kubectl dry-run stderr='Warning: spec.template.spec.containers[3].ports[0]: duplicate port name "monitoring" with spec.template.spec.containers[0].ports[0], services and probes that select ports by name will use spec.template.spec.containers[0].ports[0]'
[webhook] kubectl dry-run stderr='Warning: spec.template.spec.containers[3].ports[0]: duplicate port name "monitoring" with spec.template.spec.containers[0].ports[0], services and probes that select ports by name will use spec.template.spec.containers[0].ports[0]'
[webhook] kubectl dry-run stderr='Warning: spec.template.spec.containers[3].ports[0]: duplicate port name "monitoring" with spec.template.spec.containers[0].ports[0], services and probes that select ports by name will use spec.template.spec.containers[0].ports[0]'
[webhook] kubectl dry-run stderr='Warning: spec.template.spec.containers[3].ports[0]: duplicate port name "monitoring" with spec.template.spec.containers[0].ports[0], services and probes that select ports by name will use spec.template.spec.containers[0].ports[0]'
[webhook] kubectl dry-run stderr='Warning: spec.template.spec.containers[3].ports[0]: duplicate port name "monitoring" with spec.template.spec.containers[0].ports[0], services and probes that select ports by name will use spec.template.spec.containers[0].ports[0]'
[webhook] kubectl dry-run stderr='Warning: spec.template.spec.containers[3].ports[0]: duplicate port name "monitoring" with spec.template.spec.containers[0].ports[0], services and probes that select ports by name will use spec.template.spec.containers[0].ports[0]'
[webhook] kubectl dry-run stderr='Warning: spec.template.spec.containers[3].ports[0]: duplicate port name "monitoring" with spec.template.spec.containers[0].ports[0], services and probes that select ports by name will use spec.template.spec.containers[0].ports[0]'
[webhook] kubectl dry-run stderr='Warning: spec.template.spec.containers[3].ports[0]: duplicate port name "monitoring" with spec.template.spec.containers[0].ports[0], services and probes that select ports by name will use spec.template.spec.containers[0].ports[0]'
[webhook] kubectl dry-run stderr='Warning: spec.template.spec.containers[3].ports[0]: duplicate port name "monitoring" with spec.template.spec.containers[0].ports[0], services and probes that select ports by name will use spec.template.spec.containers[0].ports[0]'
[webhook] kubectl dry-run stderr='Warning: spec.template.spec.containers[3].ports[0]: duplicate port name "monitoring" with spec.template.spec.containers[0].ports[0], services and probes that select ports by name will use spec.template.spec.containers[0].ports[0]'
[webhook] kubectl dry-run stderr='Warning: spec.template.spec.containers[3].ports[0]: duplicate port name "monitoring" with spec.template.spec.containers[0].ports[0], services and probes that select ports by name will use spec.template.spec.containers[0].ports[0]'
[webhook] kubectl dry-run stderr='Warning: spec.template.spec.containers[3].ports[0]: duplicate port name "monitoring" with spec.template.spec.containers[0].ports[0], services and probes that select ports by name will use spec.template.spec.containers[0].ports[0]'
[webhook] kubectl dry-run stderr='Warning: spec.template.spec.containers[3].ports[0]: duplicate port name "monitoring" with spec.template.spec.containers[0].ports[0], services and probes that select ports by name will use spec.template.spec.containers[0].ports[0]'
[webhook] kubectl dry-run failed (exit=1) stderr='The Deployment "release-name-nfs-subdir-external-provisioner" is invalid: \n* spec.template.spec.volumes[0].nfs.server: Required value\n* spec.template.spec.containers[0].volumeMounts[0].name: Not found: "nfs-subdir-external-provisioner-root"'
[webhook] giving up after retries; last error: The Deployment "release-name-nfs-subdir-external-provisioner" is invalid: 
* spec.template.spec.volumes[0].nfs.server: Required value
* spec.template.spec.containers[0].volumeMounts[0].name: Not found: "nfs-subdir-external-provisioner-root"
[webhook] kubectl dry-run failed (exit=1) stderr='The Deployment "release-name-nfs-subdir-external-provisioner" is invalid: \n* spec.template.spec.volumes[0].nfs.server: Required value\n* spec.template.spec.containers[0].volumeMounts[0].name: Not found: "nfs-subdir-external-provisioner-root"'
[webhook] giving up after retries; last error: The Deployment "release-name-nfs-subdir-external-provisioner" is invalid: 
* spec.template.spec.volumes[0].nfs.server: Required value
* spec.template.spec.containers[0].volumeMounts[0].name: Not found: "nfs-subdir-external-provisioner-root"
[webhook] kubectl dry-run failed (exit=1) stderr='The Deployment "release-name-nfs-subdir-external-provisioner" is invalid: \n* spec.template.spec.volumes[0].nfs.server: Required value\n* spec.template.spec.containers[0].volumeMounts[0].name: Not found: "nfs-subdir-external-provisioner-root"'
[webhook] giving up after retries; last error: The Deployment "release-name-nfs-subdir-external-provisioner" is invalid: 
* spec.template.spec.volumes[0].nfs.server: Required value
* spec.template.spec.containers[0].volumeMounts[0].name: Not found: "nfs-subdir-external-provisioner-root"
[webhook] kubectl dry-run failed (exit=1) stderr='The Deployment "release-name-nfs-subdir-external-provisioner" is invalid: \n* spec.template.spec.volumes[0].nfs.server: Required value\n* spec.template.spec.containers[0].volumeMounts[0].name: Not found: "nfs-subdir-external-provisioner-root"'
[webhook] giving up after retries; last error: The Deployment "release-name-nfs-subdir-external-provisioner" is invalid: 
* spec.template.spec.volumes[0].nfs.server: Required value
* spec.template.spec.containers[0].volumeMounts[0].name: Not found: "nfs-subdir-external-provisioner-root"
[webhook] kubectl dry-run failed (exit=1) stderr='Error from server (Forbidden): error when creating "/var/folders/5d/35n_63091x51cjnl2zsvb2s40000gn/T/polaris_webhook_48axqc2e/00442.yaml": pods "release-name-grafana-test" is forbidden: error looking up service account default/release-name-grafana-test: serviceaccount "release-name-grafana-test" not found'
[webhook] giving up after retries; last error: Error from server (Forbidden): error when creating "/var/folders/5d/35n_63091x51cjnl2zsvb2s40000gn/T/polaris_webhook_48axqc2e/00442.yaml": pods "release-name-grafana-test" is forbidden: error looking up service account default/release-name-grafana-test: serviceaccount "release-name-grafana-test" not found
[webhook] kubectl dry-run failed (exit=1) stderr='Error from server (Forbidden): error when creating "/var/folders/5d/35n_63091x51cjnl2zsvb2s40000gn/T/polaris_webhook_48axqc2e/00443.yaml": pods "release-name-grafana-test" is forbidden: error looking up service account default/release-name-grafana-test: serviceaccount "release-name-grafana-test" not found'
[webhook] giving up after retries; last error: Error from server (Forbidden): error when creating "/var/folders/5d/35n_63091x51cjnl2zsvb2s40000gn/T/polaris_webhook_48axqc2e/00443.yaml": pods "release-name-grafana-test" is forbidden: error looking up service account default/release-name-grafana-test: serviceaccount "release-name-grafana-test" not found
[webhook] kubectl dry-run failed (exit=1) stderr='Error from server (Forbidden): error when creating "/var/folders/5d/35n_63091x51cjnl2zsvb2s40000gn/T/polaris_webhook_48axqc2e/00444.yaml": pods "release-name-grafana-test" is forbidden: error looking up service account default/release-name-grafana-test: serviceaccount "release-name-grafana-test" not found'
[webhook] giving up after retries; last error: Error from server (Forbidden): error when creating "/var/folders/5d/35n_63091x51cjnl2zsvb2s40000gn/T/polaris_webhook_48axqc2e/00444.yaml": pods "release-name-grafana-test" is forbidden: error looking up service account default/release-name-grafana-test: serviceaccount "release-name-grafana-test" not found
[webhook] kubectl dry-run failed (exit=1) stderr='Error from server (Forbidden): error when creating "/var/folders/5d/35n_63091x51cjnl2zsvb2s40000gn/T/polaris_webhook_48axqc2e/00445.yaml": pods "release-name-grafana-test" is forbidden: error looking up service account default/release-name-grafana-test: serviceaccount "release-name-grafana-test" not found'
[webhook] giving up after retries; last error: Error from server (Forbidden): error when creating "/var/folders/5d/35n_63091x51cjnl2zsvb2s40000gn/T/polaris_webhook_48axqc2e/00445.yaml": pods "release-name-grafana-test" is forbidden: error looking up service account default/release-name-grafana-test: serviceaccount "release-name-grafana-test" not found
[webhook] kubectl dry-run failed (exit=1) stderr='Error from server (NotFound): error when creating "/var/folders/5d/35n_63091x51cjnl2zsvb2s40000gn/T/polaris_webhook_48axqc2e/00491.yaml": namespaces "prod" not found'
[webhook] giving up after retries; last error: Error from server (NotFound): error when creating "/var/folders/5d/35n_63091x51cjnl2zsvb2s40000gn/T/polaris_webhook_48axqc2e/00491.yaml": namespaces "prod" not found
[webhook] kubectl dry-run failed (exit=1) stderr='Error from server (NotFound): error when creating "/var/folders/5d/35n_63091x51cjnl2zsvb2s40000gn/T/polaris_webhook_48axqc2e/00492.yaml": namespaces "prod" not found'
[webhook] giving up after retries; last error: Error from server (NotFound): error when creating "/var/folders/5d/35n_63091x51cjnl2zsvb2s40000gn/T/polaris_webhook_48axqc2e/00492.yaml": namespaces "prod" not found
[webhook] kubectl dry-run failed (exit=1) stderr='Error from server (NotFound): error when creating "/var/folders/5d/35n_63091x51cjnl2zsvb2s40000gn/T/polaris_webhook_48axqc2e/00493.yaml": namespaces "prod" not found'
[webhook] giving up after retries; last error: Error from server (NotFound): error when creating "/var/folders/5d/35n_63091x51cjnl2zsvb2s40000gn/T/polaris_webhook_48axqc2e/00493.yaml": namespaces "prod" not found
[webhook] kubectl dry-run failed (exit=1) stderr='Error from server (NotFound): error when creating "/var/folders/5d/35n_63091x51cjnl2zsvb2s40000gn/T/polaris_webhook_48axqc2e/00494.yaml": namespaces "prod" not found'
[webhook] giving up after retries; last error: Error from server (NotFound): error when creating "/var/folders/5d/35n_63091x51cjnl2zsvb2s40000gn/T/polaris_webhook_48axqc2e/00494.yaml": namespaces "prod" not found
[webhook] kubectl dry-run failed (exit=1) stderr='Error from server (NotFound): error when creating "/var/folders/5d/35n_63091x51cjnl2zsvb2s40000gn/T/polaris_webhook_48axqc2e/00495.yaml": namespaces "prod" not found'
[webhook] giving up after retries; last error: Error from server (NotFound): error when creating "/var/folders/5d/35n_63091x51cjnl2zsvb2s40000gn/T/polaris_webhook_48axqc2e/00495.yaml": namespaces "prod" not found
[webhook] kubectl dry-run failed (exit=1) stderr='Error from server (NotFound): error when creating "/var/folders/5d/35n_63091x51cjnl2zsvb2s40000gn/T/polaris_webhook_48axqc2e/00496.yaml": namespaces "boskos" not found'
[webhook] giving up after retries; last error: Error from server (NotFound): error when creating "/var/folders/5d/35n_63091x51cjnl2zsvb2s40000gn/T/polaris_webhook_48axqc2e/00496.yaml": namespaces "boskos" not found
[webhook] kubectl dry-run failed (exit=1) stderr='Error from server (NotFound): error when creating "/var/folders/5d/35n_63091x51cjnl2zsvb2s40000gn/T/polaris_webhook_48axqc2e/00497.yaml": namespaces "boskos" not found'
[webhook] giving up after retries; last error: Error from server (NotFound): error when creating "/var/folders/5d/35n_63091x51cjnl2zsvb2s40000gn/T/polaris_webhook_48axqc2e/00497.yaml": namespaces "boskos" not found
[webhook] kubectl dry-run failed (exit=1) stderr='Error from server (NotFound): error when creating "/var/folders/5d/35n_63091x51cjnl2zsvb2s40000gn/T/polaris_webhook_48axqc2e/00498.yaml": namespaces "boskos" not found'
[webhook] giving up after retries; last error: Error from server (NotFound): error when creating "/var/folders/5d/35n_63091x51cjnl2zsvb2s40000gn/T/polaris_webhook_48axqc2e/00498.yaml": namespaces "boskos" not found
[webhook] kubectl dry-run failed (exit=1) stderr='Error from server (NotFound): error when creating "/var/folders/5d/35n_63091x51cjnl2zsvb2s40000gn/T/polaris_webhook_48axqc2e/00499.yaml": namespaces "boskos" not found'
[webhook] giving up after retries; last error: Error from server (NotFound): error when creating "/var/folders/5d/35n_63091x51cjnl2zsvb2s40000gn/T/polaris_webhook_48axqc2e/00499.yaml": namespaces "boskos" not found
[webhook] staged manifests preserved at /var/folders/5d/35n_63091x51cjnl2zsvb2s40000gn/T/polaris_webhook_48axqc2e
